<?xml version="1.0" encoding="UTF-8"?>
<testrun name="CustomerProcessorTest" project="spring-batch-training" tests="4" started="4" failures="0" errors="1" ignored="0">
  <testsuite name="sopra.springbatch.training1.part2.item.processor.CustomerProcessorTest" time="0.016">
    <testcase name="passThroughItemProcessor" classname="sopra.springbatch.training1.part2.item.processor.CustomerProcessorTest" time="0.001"/>
    <testcase name="validatingItemProcessor" classname="sopra.springbatch.training1.part2.item.processor.CustomerProcessorTest" time="0.012">
      <error>org.springframework.batch.item.validator.ValidationException: Validation failed for CustomerDTO [firstName=fcustomer5, lastName=null, age=50, gender=M]: 
Field error in object 'item' on field 'lastName': rejected value [null]; codes [error.customer.lastname.item.lastName,error.customer.lastname.lastName,error.customer.lastname.java.lang.String,error.customer.lastname]; arguments []; default message [lastName is mandatory]&#13;
	at org.springframework.batch.item.validator.SpringValidator.validate(SpringValidator.java:53)&#13;
	at org.springframework.batch.item.validator.ValidatingItemProcessor.process(ValidatingItemProcessor.java:77)&#13;
	at sopra.springbatch.training1.part2.item.processor.CustomerProcessorTest.validatingItemProcessor(CustomerProcessorTest.java:115)&#13;
	at sun.reflect.NativeMethodAccessorImpl.invoke0(Native Method)&#13;
	at sun.reflect.NativeMethodAccessorImpl.invoke(NativeMethodAccessorImpl.java:39)&#13;
	at sun.reflect.DelegatingMethodAccessorImpl.invoke(DelegatingMethodAccessorImpl.java:25)&#13;
	at java.lang.reflect.Method.invoke(Method.java:597)&#13;
	at org.springframework.test.context.junit4.SpringTestMethod.invoke(SpringTestMethod.java:160)&#13;
	at org.springframework.test.context.junit4.SpringMethodRoadie.runTestMethod(SpringMethodRoadie.java:233)&#13;
	at org.springframework.test.context.junit4.SpringMethodRoadie$RunBeforesThenTestThenAfters.run(SpringMethodRoadie.java:333)&#13;
	at org.springframework.test.context.junit4.SpringMethodRoadie.runWithRepetitions(SpringMethodRoadie.java:217)&#13;
	at org.springframework.test.context.junit4.SpringMethodRoadie.runTest(SpringMethodRoadie.java:197)&#13;
	at org.springframework.test.context.junit4.SpringMethodRoadie.run(SpringMethodRoadie.java:143)&#13;
	at org.springframework.test.context.junit4.SpringJUnit4ClassRunner.invokeTestMethod(SpringJUnit4ClassRunner.java:160)&#13;
	at org.junit.internal.runners.JUnit4ClassRunner.runMethods(JUnit4ClassRunner.java:61)&#13;
	at org.junit.internal.runners.JUnit4ClassRunner$1.run(JUnit4ClassRunner.java:54)&#13;
	at org.junit.internal.runners.ClassRoadie.runUnprotected(ClassRoadie.java:34)&#13;
	at org.junit.internal.runners.ClassRoadie.runProtected(ClassRoadie.java:44)&#13;
	at org.junit.internal.runners.JUnit4ClassRunner.run(JUnit4ClassRunner.java:52)&#13;
	at org.springframework.test.context.junit4.SpringJUnit4ClassRunner.run(SpringJUnit4ClassRunner.java:97)&#13;
	at org.eclipse.jdt.internal.junit4.runner.JUnit4TestReference.run(JUnit4TestReference.java:50)&#13;
	at org.eclipse.jdt.internal.junit.runner.TestExecution.run(TestExecution.java:38)&#13;
	at org.eclipse.jdt.internal.junit.runner.RemoteTestRunner.runTests(RemoteTestRunner.java:467)&#13;
	at org.eclipse.jdt.internal.junit.runner.RemoteTestRunner.runTests(RemoteTestRunner.java:683)&#13;
	at org.eclipse.jdt.internal.junit.runner.RemoteTestRunner.run(RemoteTestRunner.java:390)&#13;
	at org.eclipse.jdt.internal.junit.runner.RemoteTestRunner.main(RemoteTestRunner.java:197)&#13;
Caused by: org.springframework.validation.BindException: org.springframework.validation.BeanPropertyBindingResult: 1 errors
Field error in object 'item' on field 'lastName': rejected value [null]; codes [error.customer.lastname.item.lastName,error.customer.lastname.lastName,error.customer.lastname.java.lang.String,error.customer.lastname]; arguments []; default message [lastName is mandatory]&#13;
	... 26 more&#13;
&#13;
</error>
    </testcase>
    <testcase name="itemProcessorAdapterTest" classname="sopra.springbatch.training1.part2.item.processor.CustomerProcessorTest" time="0.0"/>
    <testcase name="compositeItemProcessorTest" classname="sopra.springbatch.training1.part2.item.processor.CustomerProcessorTest" time="0.002"/>
  </testsuite>
</testrun>
